# 变更日志 (Change Log)

本项目所有版本变更记录。版本号遵循语义化版本规范 (Semantic Versioning)。

---

## [v0.0.3] - 2026-06-28

### 🎉 新增特性

- **绘图工具**：新增三个绘图工具
  - Draw.io 流程图（在线模式，支持导入/导出 .drawio、.xml 文件，保存为 PNG）
  - Excalidraw 手绘流程图（离线 npm 包，支持导入/导出 .excalidraw JSON 文件，保存为 PNG）
  - Drawnix 思维导图（离线 iframe，基于 Plait 框架，支持多种图表类型）
- **Markdown 编辑器**：新增 Markdown 编辑器
  - 三种模式：仅编辑 / 实时预览 / 仅预览
  - 支持 KaTeX 数学公式渲染
  - 支持 Mermaid 流程图语法
  - 支持 .md 文件导入导出
- **命令库 GitBook 格式**：命令库新增 GitBook 格式文档支持
  - 章节式 Markdown 文档管理
  - 支持 JSON 格式导入导出
- **文本工具**：新增文本统计、MD5 哈希计算、16进制转换（支持 0x 前缀、大写输出）

### 🐛 Bug 修复

- 修复仪表盘拖拽后鼠标偏移无法控制的问题
- 修复 Draw.io 加载失败问题（JSON 协议消息处理）
- 修复 Excalidraw 样式错乱问题（CSS 导入缺失）
- 修复 Drawnix 多标签页内容共享问题（IndexedDB 实例隔离）
- 修复 Drawnix 切换标签后图形位置偏移问题（visibility 代替 display:none）
- 修复 Drawnix 静态资源被认证拦截返回"未登录或登录已过期"的问题
- 修复 MD5 图标过大问题

### ♻️ 重构

- Draw.io 由离线模式改回在线模式，删除约 73MB 离线文件减少仓库体积
- Drawnix iframe 添加实例隔离机制，每个标签页独立 IndexedDB 数据库
- SecurityConfig 认证过滤器改为只处理 /api/ 路径，非 API 静态资源自动放行

### 🔧 维护

- DataInitializer 支持通过 `-Dapp.reset-admin-password` 系统属性重置 admin 密码

### 📝 文档

- 更新 README 文档，新增绘图工具、Markdown 编辑器、文本工具等功能说明

---

## [v0.0.2] - 2026-06-25

### 🎉 新增特性

- **插件审核日志**：增加插件审核日志功能，记录所有插件审核操作
- **插件开发优化**：优化插件开发示例，提升开发体验

### 🐛 Bug 修复

- 清理 plugins 目录下的测试插件数据
- 完成 plugins 目录清理，保留目录结构

### ♻️ 重构

- 合并插件增强功能到 main 分支（审核日志、插件开发优化、清理测试数据）
- 保留 plugins 目录，添加 .gitignore 占位文件

---

## [v0.0.1] - 2026-06-23

### 🎉 新增特性

- **插件管理系统**：新增后台插件管理系统，支持自定义插件上传与动态加载
- **插件更新功能**：插件更新功能、图标选择优化、计算器 UI 改进
- **认证增强**：
  - 增加记住密码功能
  - token 过期自动退出
  - 4 小时 token 有效期
  - 进制转换示例
- **时间戳增强**：时间戳增加 UTC/CST 转换栏，Diff/文本对比输入栏支持显示行号
- **CI/CD**：添加 release 工作流，自动构建 Docker 镜像并发布 GitHub Release
- 合并插件自定义功能分支到 main

### 🐛 Bug 修复

- 修复后台插件控制无效和仪表盘添加按钮消失问题
- 修复插件 Vue 引用改为本地路径避免 CDN 网络依赖
- 修复常用工具标签页持久化，文本编辑器支持显示行号

### 🎨 样式

- 计算器最大窗口时内容居中限制宽度

---

## 版本说明

- **主版本号 (Major)**：不兼容的 API 修改
- **次版本号 (Minor)**：向下兼容的功能性新增
- **修订号 (Patch)**：向下兼容的问题修正

每个版本的详细提交记录可通过 `git log <tag>..<next-tag>` 查看。
